Using pre-set license
Built from '2020.3/release' branch; Version is '2020.3.2f1 (8fd9074bf66c) revision 9427207'; Using compiler version '192528614'; Build Type 'Release'
OS: 'Windows 10 Pro; OS build 19042.867; Version 2009; 64bit' Language: 'en' Physical Memory: 16314 MB
BatchMode: 1, IsHumanControllingUs: 0, StartBugReporterOnCrash: 0, Is64bit: 1, IsPro: 0

 COMMAND LINE ARGUMENTS:
C:\Program Files\Unity\Hub\Editor\2020.3.2f1\Editor\Unity.exe
-adb2
-batchMode
-noUpm
-name
AssetImportWorker0
-projectPath
C:/Users/jonng/Documents/GitHub/DaveWave/New Unity Project (2)
-logFile
Logs/AssetImportWorker0.log
-srvPort
64364
Successfully changed project path to: C:/Users/jonng/Documents/GitHub/DaveWave/New Unity Project (2)
C:/Users/jonng/Documents/GitHub/DaveWave/New Unity Project (2)
Using Asset Import Pipeline V2.
Refreshing native plugins compatible for Editor in 36.92 ms, found 1 plugins.
Preloading 1 native plugins for Editor in 0.89 ms.
Initialize engine version: 2020.3.2f1 (8fd9074bf66c)
[Subsystems] Discovering subsystems at path C:/Program Files/Unity/Hub/Editor/2020.3.2f1/Editor/Data/Resources/UnitySubsystems
[Subsystems] Discovering subsystems at path C:/Users/jonng/Documents/GitHub/DaveWave/New Unity Project (2)/Assets
GfxDevice: creating device client; threaded=0
Direct3D:
    Version:  Direct3D 11.0 [level 11.1]
    Renderer: NVIDIA GeForce GTX 1650 SUPER (ID=0x2187)
    Vendor:   
    VRAM:     3955 MB
    Driver:   27.21.14.6172
Initialize mono
Mono path[0] = 'C:/Program Files/Unity/Hub/Editor/2020.3.2f1/Editor/Data/Managed'
Mono path[1] = 'C:/Program Files/Unity/Hub/Editor/2020.3.2f1/Editor/Data/MonoBleedingEdge/lib/mono/unityjit'
Mono config path = 'C:/Program Files/Unity/Hub/Editor/2020.3.2f1/Editor/Data/MonoBleedingEdge/etc'
Using monoOptions --debugger-agent=transport=dt_socket,embedding=1,server=y,suspend=n,address=127.0.0.1:56148
Begin MonoManager ReloadAssembly
Registering precompiled unity dll's ...
Register platform support module: C:/Program Files/Unity/Hub/Editor/2020.3.2f1/Editor/Data/PlaybackEngines/WebGLSupport/UnityEditor.WebGL.Extensions.dll
Register platform support module: C:/Program Files/Unity/Hub/Editor/2020.3.2f1/Editor/Data/PlaybackEngines/WindowsStandaloneSupport/UnityEditor.WindowsStandalone.Extensions.dll
Registered in 0.002918 seconds.
Native extension for WindowsStandalone target not found
Native extension for WebGL target not found
Refreshing native plugins compatible for Editor in 33.28 ms, found 1 plugins.
Preloading 1 native plugins for Editor in 0.11 ms.
Invoked RoslynAnalysisRunner static constructor.
RoslynAnalysisRunner will not be running.
RoslynAnalysisRunner has terminated.
Mono: successfully reloaded assembly
- Completed reload, in  1.325 seconds
Platform modules already initialized, skipping
Registering precompiled user dll's ...
Registered in 0.002942 seconds.
Begin MonoManager ReloadAssembly
Native extension for WindowsStandalone target not found
Native extension for WebGL target not found
Refreshing native plugins compatible for Editor in 32.41 ms, found 1 plugins.
Preloading 1 native plugins for Editor in 0.08 ms.
Invoked RoslynAnalysisRunner static constructor.
RoslynAnalysisRunner will not be running.
RoslynAnalysisRunner has terminated.
Mono: successfully reloaded assembly
- Completed reload, in  1.035 seconds
Platform modules already initialized, skipping
========================================================================
Worker process is ready to serve import requests
Launched and connected shader compiler UnityShaderCompiler.exe after 0.05 seconds
Refreshing native plugins compatible for Editor in 0.38 ms, found 1 plugins.
Preloading 1 native plugins for Editor in 0.08 ms.
Unloading 1584 Unused Serialized files (Serialized files now loaded: 0)
System memory in use before: 96.4 MB.
System memory in use after: 95.6 MB.

Unloading 25 unused Assets to reduce memory usage. Loaded Objects now: 2032.
Total: 3.474900 ms (FindLiveObjects: 0.344000 ms CreateObjectMapping: 0.098500 ms MarkObjects: 2.019600 ms  DeleteObjects: 1.010800 ms)

========================================================================
Received Import Request.
  path: Assets/echoAR/echoAR.prefab
  artifactKey: Guid(e1d4d8772d02a5a47acd9aa621ae8c34) Importer(815301076,1909f56bfc062723c751e8b465ee728b)
Start importing Assets/echoAR/echoAR.prefab using Guid(e1d4d8772d02a5a47acd9aa621ae8c34) Importer(815301076,1909f56bfc062723c751e8b465ee728b)  -> (artifact id: '795630d19c415ae1b4f5f9320d8557ad') in 0.051790 seconds
  Import took 0.054518 seconds .

========================================================================
Received Import Request.
  Time since last request: 0.000238 seconds.
  path: Assets/echoAR/Examples
  artifactKey: Guid(d952efe199a072c4bb69cce40efa2309) Importer(815301076,1909f56bfc062723c751e8b465ee728b)
Start importing Assets/echoAR/Examples using Guid(d952efe199a072c4bb69cce40efa2309) Importer(815301076,1909f56bfc062723c751e8b465ee728b)  -> (artifact id: 'e3e717c37632a790e21a326f5068ab88') in 0.006564 seconds
  Import took 0.009208 seconds .

========================================================================
Received Import Request.
  Time since last request: 0.000244 seconds.
  path: Assets/echoAR/Examples/sample.unity
  artifactKey: Guid(066bb82b1e9e4a94a8371767678ccb00) Importer(815301076,1909f56bfc062723c751e8b465ee728b)
Start importing Assets/echoAR/Examples/sample.unity using Guid(066bb82b1e9e4a94a8371767678ccb00) Importer(815301076,1909f56bfc062723c751e8b465ee728b)  -> (artifact id: 'cee426176df28174dabd35b1d8157bf5') in 0.008188 seconds
  Import took 0.011246 seconds .

========================================================================
Received Import Request.
  Time since last request: 0.000258 seconds.
  path: Assets/Airplane.obj
  artifactKey: Guid(f846875a74fef9c4c829ccc8ad311fa1) Importer(815301076,1909f56bfc062723c751e8b465ee728b)
Start importing Assets/Airplane.obj using Guid(f846875a74fef9c4c829ccc8ad311fa1) Importer(815301076,1909f56bfc062723c751e8b465ee728b)  -> (artifact id: '6dd524beb48c7eda71f211e6637f2576') in 0.214305 seconds
  Import took 0.217168 seconds .

========================================================================
Received Import Request.
  Time since last request: 0.000201 seconds.
  path: Assets/echoAR
  artifactKey: Guid(d698d8a06c531dc47ae04023eb4a1a58) Importer(815301076,1909f56bfc062723c751e8b465ee728b)
Start importing Assets/echoAR using Guid(d698d8a06c531dc47ae04023eb4a1a58) Importer(815301076,1909f56bfc062723c751e8b465ee728b)  -> (artifact id: 'a7f7a1f493941c3aeaff3cac88b2d624') in 0.002196 seconds
  Import took 0.004708 seconds .

========================================================================
Received Prepare
Registering precompiled user dll's ...
Registered in 0.002736 seconds.
Begin MonoManager ReloadAssembly
Native extension for WindowsStandalone target not found
Native extension for WebGL target not found
Refreshing native plugins compatible for Editor in 0.46 ms, found 1 plugins.
Preloading 1 native plugins for Editor in 0.14 ms.
Invoked RoslynAnalysisRunner static constructor.
RoslynAnalysisRunner will not be running.
RoslynAnalysisRunner has terminated.
Mono: successfully reloaded assembly
- Completed reload, in  0.931 seconds
Platform modules already initialized, skipping
Refreshing native plugins compatible for Editor in 0.39 ms, found 1 plugins.
Preloading 1 native plugins for Editor in 0.08 ms.
Unloading 1565 Unused Serialized files (Serialized files now loaded: 0)
System memory in use before: 98.4 MB.
System memory in use after: 97.6 MB.

Unloading 21 unused Assets to reduce memory usage. Loaded Objects now: 2078.
Total: 2.664000 ms (FindLiveObjects: 0.199000 ms CreateObjectMapping: 0.040800 ms MarkObjects: 1.484100 ms  DeleteObjects: 0.939100 ms)

========================================================================
Received Import Request.
  Time since last request: 596.949931 seconds.
  path: Assets/Airplane.mtl
  artifactKey: Guid(4da78cb5ec6b2e042bf80bb8de86ed24) Importer(815301076,1909f56bfc062723c751e8b465ee728b)
Start importing Assets/Airplane.mtl using Guid(4da78cb5ec6b2e042bf80bb8de86ed24) Importer(815301076,1909f56bfc062723c751e8b465ee728b)  -> (artifact id: 'f9baf602f4f955ee6c6f1ac0e77bda22') in 0.016731 seconds
  Import took 0.019580 seconds .

========================================================================
Received Import Request.
  Time since last request: 17.426624 seconds.
  path: Assets/Scripts
  artifactKey: Guid(38c547aa0ea244347bad1353d89195f4) Importer(815301076,1909f56bfc062723c751e8b465ee728b)
Start importing Assets/Scripts using Guid(38c547aa0ea244347bad1353d89195f4) Importer(815301076,1909f56bfc062723c751e8b465ee728b)  -> (artifact id: '08660c3c8b2515db93f9c42fae74a42f') in 0.006815 seconds
  Import took 0.009741 seconds .

========================================================================
Received Import Request.
  Time since last request: 2.051701 seconds.
  path: Assets/Scripts/ringCollision.cs
  artifactKey: Guid(ca89f59f32cc5e54296fb01382a23952) Importer(815301076,1909f56bfc062723c751e8b465ee728b)
Start importing Assets/Scripts/ringCollision.cs using Guid(ca89f59f32cc5e54296fb01382a23952) Importer(815301076,1909f56bfc062723c751e8b465ee728b)  -> (artifact id: 'f975772e7a8ebc0d7e280ece75677e75') in 0.014586 seconds
  Import took 0.017270 seconds .

========================================================================
Received Import Request.
  Time since last request: 18.399045 seconds.
  path: Assets/Scripts/planFollowCam.cs
  artifactKey: Guid(1a312f62c85e66f4cbbd5389340a248e) Importer(815301076,1909f56bfc062723c751e8b465ee728b)
Start importing Assets/Scripts/planFollowCam.cs using Guid(1a312f62c85e66f4cbbd5389340a248e) Importer(815301076,1909f56bfc062723c751e8b465ee728b)  -> (artifact id: 'f72e08ddc11bf31db0bc0e64336a2257') in 0.007104 seconds
  Import took 0.009792 seconds .

========================================================================
Received Prepare
Registering precompiled user dll's ...
Registered in 0.002686 seconds.
Begin MonoManager ReloadAssembly
Native extension for WindowsStandalone target not found
Native extension for WebGL target not found
Refreshing native plugins compatible for Editor in 0.41 ms, found 1 plugins.
Preloading 1 native plugins for Editor in 0.08 ms.
Invoked RoslynAnalysisRunner static constructor.
RoslynAnalysisRunner will not be running.
RoslynAnalysisRunner has terminated.
Mono: successfully reloaded assembly
- Completed reload, in  0.917 seconds
Platform modules already initialized, skipping
Refreshing native plugins compatible for Editor in 0.39 ms, found 1 plugins.
Preloading 1 native plugins for Editor in 0.08 ms.
Unloading 1566 Unused Serialized files (Serialized files now loaded: 0)
System memory in use before: 98.5 MB.
System memory in use after: 97.6 MB.

Unloading 21 unused Assets to reduce memory usage. Loaded Objects now: 2082.
Total: 2.790400 ms (FindLiveObjects: 0.189000 ms CreateObjectMapping: 0.040400 ms MarkObjects: 1.528700 ms  DeleteObjects: 1.031000 ms)

========================================================================
Received Import Request.
  Time since last request: 12.701528 seconds.
  path: Assets/Scripts/planeFollowCam.cs
  artifactKey: Guid(1a312f62c85e66f4cbbd5389340a248e) Importer(815301076,1909f56bfc062723c751e8b465ee728b)
Start importing Assets/Scripts/planeFollowCam.cs using Guid(1a312f62c85e66f4cbbd5389340a248e) Importer(815301076,1909f56bfc062723c751e8b465ee728b)  -> (artifact id: 'b478f2a12691b43a7b600177dc1b7cce') in 0.010995 seconds
  Import took 0.013888 seconds .

========================================================================
Received Prepare
Registering precompiled user dll's ...
Registered in 0.004160 seconds.
Begin MonoManager ReloadAssembly
Native extension for WindowsStandalone target not found
Native extension for WebGL target not found
Refreshing native plugins compatible for Editor in 0.53 ms, found 1 plugins.
Preloading 1 native plugins for Editor in 0.15 ms.
Invoked RoslynAnalysisRunner static constructor.
RoslynAnalysisRunner will not be running.
RoslynAnalysisRunner has terminated.
Mono: successfully reloaded assembly
- Completed reload, in  1.683 seconds
Platform modules already initialized, skipping
Refreshing native plugins compatible for Editor in 0.51 ms, found 1 plugins.
Preloading 1 native plugins for Editor in 0.08 ms.
Unloading 1566 Unused Serialized files (Serialized files now loaded: 0)
System memory in use before: 98.5 MB.
System memory in use after: 97.6 MB.

Unloading 21 unused Assets to reduce memory usage. Loaded Objects now: 2085.
Total: 11.968300 ms (FindLiveObjects: 2.609600 ms CreateObjectMapping: 0.756800 ms MarkObjects: 5.655000 ms  DeleteObjects: 2.943300 ms)

========================================================================
Received Prepare
Registering precompiled user dll's ...
Registered in 0.002785 seconds.
Begin MonoManager ReloadAssembly
Native extension for WindowsStandalone target not found
Native extension for WebGL target not found
Refreshing native plugins compatible for Editor in 0.63 ms, found 1 plugins.
Preloading 1 native plugins for Editor in 0.12 ms.
Invoked RoslynAnalysisRunner static constructor.
RoslynAnalysisRunner will not be running.
RoslynAnalysisRunner has terminated.
Mono: successfully reloaded assembly
- Completed reload, in  1.363 seconds
Platform modules already initialized, skipping
Refreshing native plugins compatible for Editor in 0.50 ms, found 1 plugins.
Preloading 1 native plugins for Editor in 0.08 ms.
Unloading 1566 Unused Serialized files (Serialized files now loaded: 0)
System memory in use before: 98.5 MB.
System memory in use after: 97.7 MB.

Unloading 21 unused Assets to reduce memory usage. Loaded Objects now: 2088.
Total: 2.864700 ms (FindLiveObjects: 0.202200 ms CreateObjectMapping: 0.040900 ms MarkObjects: 1.534600 ms  DeleteObjects: 1.085400 ms)

